{
  "RSpec": {
    "coverage": {
      "/home/cecilia/Área de trabalho/cecilia/Projetos/api-rails /Rails-APi/app/channels/application_cable/channel.rb": {
        "lines": [
          null,
          null,
          0,
          0,
          0,
          0
        ],
        "branches": {
        }
      },
      "/home/cecilia/Área de trabalho/cecilia/Projetos/api-rails /Rails-APi/app/channels/application_cable/connection.rb": {
        "lines": [
          null,
          null,
          0,
          0,
          0,
          0
        ],
        "branches": {
        }
      },
      "/home/cecilia/Área de trabalho/cecilia/Projetos/api-rails /Rails-APi/app/controllers/application_controller.rb": {
        "lines": [
          null,
          null,
          0,
          0,
          0,
          0,
          0
        ],
        "branches": {
        }
      },
      "/home/cecilia/Área de trabalho/cecilia/Projetos/api-rails /Rails-APi/app/jobs/application_job.rb": {
        "lines": [
          null,
          null,
          0,
          null,
          null,
          null,
          null,
          null,
          0
        ],
        "branches": {
        }
      },
      "/home/cecilia/Área de trabalho/cecilia/Projetos/api-rails /Rails-APi/app/mailers/application_mailer.rb": {
        "lines": [
          null,
          null,
          0,
          0,
          0,
          0
        ],
        "branches": {
        }
      },
      "/home/cecilia/Área de trabalho/cecilia/Projetos/api-rails /Rails-APi/app/models/application_record.rb": {
        "lines": [
          null,
          null,
          0,
          0,
          0
        ],
        "branches": {
        }
      },
      "/home/cecilia/Área de trabalho/cecilia/Projetos/api-rails /Rails-APi/lib/api_test.rb": {
        "lines": [
          0,
          0,
          null,
          0,
          0,
          0,
          0,
          null,
          0,
          0,
          0,
          0
        ],
        "branches": {
        }
      }
    },
    "timestamp": 1735921939
  }
}
